<?xml version="1.0" encoding="UTF-8"?>
<!-- Generated by org.testng.reporters.JUnitReportReporter -->
<testsuite hostname="Om-PC" name="com.selenium.mavenproject.basicscript.Login" tests="1" failures="0" timestamp="27 Apr 2018 11:51:05 GMT" time="16.110" errors="0">
  <testcase name="testlogin" time="16.110" classname="com.selenium.mavenproject.basicscript.Login"/>
</testsuite> <!-- com.selenium.mavenproject.basicscript.Login -->
