<?xml version="1.0" encoding="UTF-8"?>
<!-- Generated by org.testng.reporters.JUnitReportReporter -->
<testsuite hostname="Om-PC" name="com.selenium.mavenproject.basicscript.Createleads" tests="1" failures="0" timestamp="1 May 2018 05:34:31 GMT" time="34.000" errors="0">
  <testcase name="testcreateleads" time="34.000" classname="com.selenium.mavenproject.basicscript.Createleads"/>
</testsuite> <!-- com.selenium.mavenproject.basicscript.Createleads -->
