<?xml version="1.0" encoding="UTF-8"?>
<!-- Generated by org.testng.reporters.JUnitReportReporter -->
<testsuite hostname="Om-PC" name="com.selenium.mavenproject.basicscript.Howtoreadtablecolumndata" tests="1" failures="0" timestamp="1 May 2018 05:33:33 GMT" time="30.413" errors="0">
  <testcase name="testhowtoreadtablecolumndata" time="30.413" classname="com.selenium.mavenproject.basicscript.Howtoreadtablecolumndata"/>
</testsuite> <!-- com.selenium.mavenproject.basicscript.Howtoreadtablecolumndata -->
