<?xml version="1.0" encoding="UTF-8"?>
<!-- Generated by org.testng.reporters.JUnitReportReporter -->
<testsuite hostname="Om-PC" name="com.selenium.mavenproject.basicscript.VerifyLeadsInformation" tests="1" failures="0" timestamp="1 May 2018 05:35:36 GMT" time="26.281" errors="0">
  <testcase name="testverifyleadsinformation" time="26.281" classname="com.selenium.mavenproject.basicscript.VerifyLeadsInformation"/>
</testsuite> <!-- com.selenium.mavenproject.basicscript.VerifyLeadsInformation -->
